160513 05:44:04 mysqld_safe Starting mysqld daemon with databases from /var/lib/mysql
160513  5:44:04 [Note] /usr/bin/mysqld (mysqld 5.5.43-MariaDB) starting as process 367 ...
160513  5:44:04 [Warning] Setting lower_case_table_names=2 because file system for /var/lib/mysql/ is case insensitive
160513  5:44:04 InnoDB: The InnoDB memory heap is disabled
160513  5:44:04 InnoDB: Mutexes and rw_locks use GCC atomic builtins
160513  5:44:04 InnoDB: Compressed tables use zlib 1.2.8
160513  5:44:04 InnoDB: Using Linux native AIO
160513  5:44:04 InnoDB: Initializing buffer pool, size = 128.0M
160513  5:44:04 InnoDB: Completed initialization of buffer pool
InnoDB: The first specified data file ./ibdata1 did not exist:
InnoDB: a new database to be created!
160513  5:44:04  InnoDB: Setting file ./ibdata1 size to 10 MB
InnoDB: Database physically writes the file full: wait...
160513  5:44:04  InnoDB: Log file ./ib_logfile0 did not exist: new to be created
InnoDB: Setting log file ./ib_logfile0 size to 5 MB
InnoDB: Database physically writes the file full: wait...
160513  5:44:04  InnoDB: Log file ./ib_logfile1 did not exist: new to be created
InnoDB: Setting log file ./ib_logfile1 size to 5 MB
InnoDB: Database physically writes the file full: wait...
InnoDB: Doublewrite buffer not found: creating new
InnoDB: Doublewrite buffer created
InnoDB: 127 rollback segment(s) active.
InnoDB: Creating foreign key constraint system tables
InnoDB: Foreign key constraint system tables created
160513  5:44:04  InnoDB: Waiting for the background threads to start
160513  5:44:05 Percona XtraDB (http://www.percona.com) 5.5.42-MariaDB-37.1 started; log sequence number 0
160513  5:44:05 [Note] Plugin 'FEEDBACK' is disabled.
160513  5:44:05 [Note] Server socket created on IP: '0.0.0.0'.
160513  5:44:05 [Note] Event Scheduler: Loaded 0 events
160513  5:44:05 [Note] /usr/bin/mysqld: ready for connections.
Version: '5.5.43-MariaDB'  socket: '/var/run/mysqld/mysqld.sock'  port: 3306  MariaDB Server
160513  5:44:09 [Note] /usr/bin/mysqld: Normal shutdown

160513  5:44:09 [Note] Event Scheduler: Purging the queue. 0 events
160513  5:44:09  InnoDB: Starting shutdown...
160513  5:44:09  InnoDB: Shutdown completed; log sequence number 1597945
160513  5:44:09 [Note] /usr/bin/mysqld: Shutdown complete

160513 05:44:09 mysqld_safe mysqld from pid file /var/run/mysqld/mysqld.pid ended
160513 05:44:10 mysqld_safe Starting mysqld daemon with databases from /var/lib/mysql
160513  5:44:10 [Note] /usr/bin/mysqld (mysqld 5.5.43-MariaDB) starting as process 714 ...
160513  5:44:10 [Warning] Setting lower_case_table_names=2 because file system for /var/lib/mysql/ is case insensitive
160513  5:44:10 InnoDB: The InnoDB memory heap is disabled
160513  5:44:10 InnoDB: Mutexes and rw_locks use GCC atomic builtins
160513  5:44:10 InnoDB: Compressed tables use zlib 1.2.8
160513  5:44:10 InnoDB: Using Linux native AIO
160513  5:44:10 InnoDB: Initializing buffer pool, size = 128.0M
160513  5:44:10 InnoDB: Completed initialization of buffer pool
160513  5:44:10 InnoDB: highest supported file format is Barracuda.
160513  5:44:10  InnoDB: Waiting for the background threads to start
160513  5:44:11 Percona XtraDB (http://www.percona.com) 5.5.42-MariaDB-37.1 started; log sequence number 1597945
160513  5:44:11 [Note] Plugin 'FEEDBACK' is disabled.
160513  5:44:11 [Note] Server socket created on IP: '0.0.0.0'.
160513  5:44:11 [Note] Event Scheduler: Loaded 0 events
160513  5:44:11 [Note] /usr/bin/mysqld: ready for connections.
Version: '5.5.43-MariaDB'  socket: '/var/run/mysqld/mysqld.sock'  port: 3306  MariaDB Server
